<?xml version="1.0" encoding="UTF-8"?>
<!-- Generated by org.testng.reporters.JUnitReportReporter -->
<testsuite skipped="0" hostname="ojt15-PC" name="DriverFactory.AppTest" tests="1" failures="0" timestamp="23 Sep 2019 09:26:09 GMT" time="20.322" errors="0">
  <testcase name="kickStart" time="20.322" classname="DriverFactory.AppTest"/>
</testsuite> <!-- DriverFactory.AppTest -->
